<?xml version="1.0" encoding="UTF-8"?>
<!-- Generated by org.testng.reporters.JUnitReportReporter -->
<testsuite skipped="0" hostname="KONOHA" name="Test.Busqueda_producto" tests="1" failures="0" timestamp="23 may 2019 21:21:07 GMT" time="51.494" errors="0">
  <testcase name="busquedaProducto" time="51.494" classname="Test.Busqueda_producto"/>
</testsuite> <!-- Test.Busqueda_producto -->
