<?xml version="1.0" encoding="UTF-8"?>
<!-- Generated by org.testng.reporters.JUnitReportReporter -->
<testsuite skipped="0" hostname="KONOHA" name="Test.Comparar_Producto" tests="1" failures="0" timestamp="23 may 2019 04:41:15 GMT" time="46.640" errors="0">
  <testcase name="comparaProducto" time="46.640" classname="Test.Comparar_Producto"/>
</testsuite> <!-- Test.Comparar_Producto -->
